2020-May-01 13:59:49 Наличие необходимых модулей php (check_php_modules): Ok
Все необходимые модули установлены
2020-May-01 13:59:49 Обязательные параметры PHP (check_php_settings): Ok
Настройки правильные
2020-May-01 13:59:50 Модули веб-сервера (check_security): Ok
Конфликтов не выявлено
2020-May-01 13:59:51 Значения переменных сервера (check_server_vars): Ok
Корректные
2020-May-01 13:59:51 Сохранение сессии (check_session): Ok
50% done
2020-May-01 13:59:52 Сохранение сессии (check_session): Ok
Успешно
2020-May-01 13:59:52 Параметры настройки UTF (mbstring и константа BX_UTF) (check_mbstring): Ok
Правильные. Сайт работает в UTF кодировке
2020-May-01 13:59:53 Служебные скрипты в корне сайта (check_install_scripts): Ok
Отсутствуют
2020-May-01 13:59:53 Работа с сокетами (check_socket): Ok
Connection to ssl://fodyo.com:443	Success

Успешно
2020-May-01 13:59:54 Выполнение агентов на cron (check_bx_crontab): Warning
Замечание. Агенты выполняются на хитах, рекомендуется перевести выполнение агентов на cron
2020-May-01 13:59:54 Параметры подключения к базе данных (check_dbconn_settings): Ok
Успешно
2020-May-01 13:59:55 Лишний вывод в файлах конфигурации (check_dbconn): Ok
Connection to ssl://fodyo.com:443	Success

Успешно
2020-May-01 13:59:55 Сохранение сессии без UserAgent (check_session_ua): Ok
50% done
Connection to ssl://fodyo.com:443	Success

2020-May-01 13:59:56 Сохранение сессии без UserAgent (check_session_ua): Ok
Connection to ssl://fodyo.com:443	Success

Успешно
2020-May-01 13:59:57 Настройки сайтов (check_sites): Ok
Правильные
2020-May-01 13:59:57 Передача объектов по ссылке (check_clone): Ok
Успешно
2020-May-01 13:59:58 Размер стека и pcre.recursion_limit (check_pcre_recursion): Warning
Connection to ssl://fodyo.com:443	Success

Замечание. Возможны проблемы в работе с длинными строками из-за системных ограничений
2020-May-01 13:59:58 Загрузка файла (check_upload): Ok
Connection to ssl://fodyo.com:443	Success

Успешно
2020-May-01 13:59:59 Загрузка файла больше 4Мб (check_upload_big): Ok
Connection to ssl://fodyo.com:443	Success

Успешно
2020-May-01 13:59:59 Загрузка файла через php://input (check_upload_raw): Ok
Connection to ssl://fodyo.com:443	Success

Успешно
2020-May-01 14:00:00 Передача POST запроса с большим числом параметров (check_post): Ok
Connection to ssl://fodyo.com:443	Success

Успешно
2020-May-01 14:00:00 Отправка почты (check_mail): Ok
Успешно
2020-May-01 14:00:02 Отправка почтового сообщения больше 64Кб (check_mail_big): Ok
Успешно
2020-May-01 14:00:02 Проверка на наличие неотправленных сообщений (check_mail_b_event): Ok
Успешно
2020-May-01 14:00:03 Внутреннее перенаправление (функция LocalRedirect) (check_localredirect): Ok
50% done
Connection to ssl://fodyo.com:443	Success

2020-May-01 14:00:03 Внутреннее перенаправление (функция LocalRedirect) (check_localredirect): Ok
Connection to ssl://fodyo.com:443	Success

Успешно
2020-May-01 14:00:04 Фактическое ограничение памяти (check_memory_limit): Ok
20% done
Connection to ssl://fodyo.com:443	Success

2020-May-01 14:00:05 Фактическое ограничение памяти (check_memory_limit): Ok
40% done
Connection to ssl://fodyo.com:443	Success

2020-May-01 14:00:05 Фактическое ограничение памяти (check_memory_limit): Ok
60% done
Connection to ssl://fodyo.com:443	Success

2020-May-01 14:00:06 Фактическое ограничение памяти (check_memory_limit): Ok
80% done
Connection to ssl://fodyo.com:443	Success

2020-May-01 14:00:07 Фактическое ограничение памяти (check_memory_limit): Ok
Connection to ssl://fodyo.com:443	Success

Не менее 256 М
2020-May-01 14:00:07 Работа с файлами кеша (check_cache): Ok
Успешно
2020-May-01 14:00:08 Доступ к серверу обновлений (check_update): Ok
Успешно
2020-May-01 14:00:09 HTTP авторизация (check_http_auth): Ok
Connection to ssl://fodyo.com:443	Success

Успешно
2020-May-01 14:00:10 Создание и запуск файла (check_exec): Ok
Connection to ssl://fodyo.com:443	Success

Успешно
2020-May-01 14:00:11 Функция getimagesize для swf (check_getimagesize): Ok
Успешно
2020-May-01 14:00:11 Версия MySQL-сервера (check_mysql_bug_version): Ok
Успешно
2020-May-01 14:00:13 Время на БД и веб-сервере (check_mysql_time): Fail
Ошибка! Время отличается на 25200 секунд
2020-May-01 14:00:13 Режим работы MySQL (check_mysql_mode): Fail
Ошибка! Переменная sql_mode в MySQL должна быть пустая, текущее значение: ONLY_FULL_GROUP_BY,STRICT_TRANS_TABLES,NO_ZERO_IN_DATE,NO_ZERO_DATE,ERROR_FOR_DIVISION_BY_ZERO,NO_AUTO_CREATE_USER,NO_ENGINE_SUBSTITUTION
2020-May-01 14:00:14 Кодировка соединения (check_mysql_connection_charset): Ok
character_set_connection=utf8, collation_connection=utf8_unicode_ci, character_set_results=utf8
Успешно
2020-May-01 14:00:15 Кодировка базы данных (check_mysql_db_charset): Ok
CHARSET=utf8, COLLATION=utf8_unicode_ci
Успешно
2020-May-01 14:00:16 Кодировки таблиц в БД (check_mysql_table_charset): Ok
Успешно
2020-May-01 14:00:16 Структура базы данных (check_mysql_table_structure): Ok
0% done
2020-May-01 14:00:16 Структура базы данных (check_mysql_table_structure): Ok
2% done
2020-May-01 14:00:17 Структура базы данных (check_mysql_table_structure): Ok
5% done
2020-May-01 14:00:18 Структура базы данных (check_mysql_table_structure): Ok
7% done
2020-May-01 14:00:18 Структура базы данных (check_mysql_table_structure): Ok
10% done
2020-May-01 14:00:19 Структура базы данных (check_mysql_table_structure): Ok
12% done
2020-May-01 14:00:19 Структура базы данных (check_mysql_table_structure): Ok
15% done
2020-May-01 14:00:20 Структура базы данных (check_mysql_table_structure): Ok
17% done
2020-May-01 14:00:21 Структура базы данных (check_mysql_table_structure): Ok
20% done
2020-May-01 14:00:21 Структура базы данных (check_mysql_table_structure): Ok
22% done
2020-May-01 14:00:22 Структура базы данных (check_mysql_table_structure): Ok
25% done
2020-May-01 14:00:22 Структура базы данных (check_mysql_table_structure): Ok
27% done
2020-May-01 14:00:23 Структура базы данных (check_mysql_table_structure): Ok
30% done
2020-May-01 14:00:23 Структура базы данных (check_mysql_table_structure): Ok
32% done
